[ 2016-11-15T20:09:45+08:00 ] ::1 ::1 GET /Tutor-distribution/tutorAssign/public/index.php/
[ log ] localhost/Tutor-distribution/tutorAssign/public/index.php/ [运行时间：0.500583s][吞吐率：2.00req/s] [内存消耗：2,400.22kb] [文件加载：37]
[ info ] [ LANG ] D:\wamp64\www\Tutor-distribution\tutorAssign\thinkphp\lang\zh-cn.php
[ info ] [ ROUTE ] array (
  'type' => 'module',
  'module' => 
  array (
    0 => '',
    1 => NULL,
    2 => NULL,
  ),
)
[ info ] [ HEADER ] array (
  'host' => 'localhost',
  'user-agent' => 'Mozilla/5.0 (Windows NT 10.0; WOW64; rv:49.0) Gecko/20100101 Firefox/49.0',
  'accept' => 'text/html,application/xhtml+xml,application/xml;q=0.9,*/*;q=0.8',
  'accept-language' => 'zh-CN,zh;q=0.8,en-US;q=0.5,en;q=0.3',
  'accept-encoding' => 'gzip, deflate',
  'cookie' => 'Webstorm-b18dcdb6=ab2514c5-d3dd-4774-bf32-8a62f505ea87; Phpstorm-4f95f2da=0291b448-e5fe-4740-b7fd-e68182f4695e',
  'connection' => 'keep-alive',
  'upgrade-insecure-requests' => '1',
)
[ info ] [ PARAM ] array (
)
[ info ] [ RUN ] Class [ <user> class app\index\controller\Index extends app\index\controller\BaseController ] {
  @@ D:\wamp64\www\Tutor-distribution\tutorAssign\app\index\controller\Index.php 7-22

  - Constants [0] {
  }

  - Static properties [0] {
  }

  - Static methods [0] {
  }

  - Properties [5] {
    Property [ <default> protected $view ]
    Property [ <default> protected $request ]
    Property [ <default> protected $failException ]
    Property [ <default> protected $batchValidate ]
    Property [ <default> protected $beforeActionList ]
  }

  - Methods [25] {
    Method [ <user> public method index ] {
      @@ D:\wamp64\www\Tutor-distribution\tutorAssign\app\index\controller\Index.php 9 - 13
    }

    Method [ <user> public method test ] {
      @@ D:\wamp64\www\Tutor-distribution\tutorAssign\app\index\controller\Index.php 16 - 21
    }

    Method [ <user, inherits app\index\controller\BaseController> public method auto_login ] {
      @@ D:\wamp64\www\Tutor-distribution\tutorAssign\app\index\controller\BaseController.php 14 - 19

      - Parameters [1] {
        Parameter #0 [ <optional> $type = NULL ]
      }
    }

    Method [ <user, inherits app\index\controller\BaseController> public method login ] {
      @@ D:\wamp64\www\Tutor-distribution\tutorAssign\app\index\controller\BaseController.php 21 - 63
    }

    Method [ <user, inherits app\index\controller\BaseController> public method hasLogin ] {
      @@ D:\wamp64\www\Tutor-distribution\tutorAssign\app\index\controller\BaseController.php 65 - 70

      - Parameters [1] {
        Parameter #0 [ <optional> $type = NULL ]
      }
    }

    Method [ <user, inherits app\index\controller\BaseController> public method logout ] {
      @@ D:\wamp64\www\Tutor-distribution\tutorAssign\app\index\controller\BaseController.php 72 - 79
    }

    Method [ <user, inherits app\index\controller\BaseController> public method refresh_user ] {
      @@ D:\wamp64\www\Tutor-distribution\tutorAssign\app\index\controller\BaseController.php 81 - 87
    }

    Method [ <user, inherits app\index\controller\BaseController> public method make_menu ] {
      @@ D:\wamp64\www\Tutor-distribution\tutorAssign\app\index\controller\BaseController.php 89 - 101

      - Parameters [1] {
        Parameter #0 [ <required> $menus ]
      }
    }

    Method [ <user, inherits app\index\controller\BaseController> public method translate ] {
      @@ D:\wamp64\www\Tutor-distribution\tutorAssign\app\index\controller\BaseController.php 103 - 118

      - Parameters [1] {
        Parameter #0 [ <required> $name ]
      }
    }

    Method [ <user, inherits app\index\controller\BaseController> public method successJson ] {
      @@ D:\wamp64\www\Tutor-distribution\tutorAssign\app\index\controller\BaseController.php 120 - 122

      - Parameters [1] {
        Parameter #0 [ <optional> $data = '' ]
      }
    }

    Method [ <user, inherits app\index\controller\BaseController> public method errorJson ] {
      @@ D:\wamp64\www\Tutor-distribution\tutorAssign\app\index\controller\BaseController.php 124 - 126

      - Parameters [1] {
        Parameter #0 [ <optional> $data = '' ]
      }
    }

    /**
     * 架构函数
     * @param Request $request Request对象
     * @access public
     */
    Method [ <user, inherits think\Controller, ctor> public method __construct ] {
      @@ D:\wamp64\www\Tutor-distribution\tutorAssign\thinkphp\library\think\Controller.php 44 - 63

      - Parameters [1] {
        Parameter #0 [ <optional> think\Request or NULL $request = NULL ]
      }
    }

    Method [ <user, inherits think\Controller> protected method _initialize ] {
      @@ D:\wamp64\www\Tutor-distribution\tutorAssign\thinkphp\library\think\Controller.php 66 - 68
    }

    /**
     * 前置操作
     * @access protected
     * @param string $method  前置操作方法名
     * @param array  $options 调用参数 ['only'=>[...]] 或者['except'=>[...]]
     */
    Method [ <user, inherits think\Controller> protected method beforeAction ] {
      @@ D:\wamp64\www\Tutor-distribution\tutorAssign\thinkphp\library\think\Controller.php 76 - 95

      - Parameters [2] {
        Parameter #0 [ <required> $method ]
        Parameter #1 [ <optional> $options = Array ]
      }
    }

    /**
     * 加载模板输出
     * @access protected
     * @param string $template 模板文件名
     * @param array  $vars     模板输出变量
     * @param array  $replace  模板替换
     * @param array  $config   模板参数
     * @return mixed
     */
    Method [ <user, inherits think\Controller> protected method fetch ] {
      @@ D:\wamp64\www\Tutor-distribution\tutorAssign\thinkphp\library\think\Controller.php 106 - 109

      - Parameters [4] {
        Parameter #0 [ <optional> $template = '' ]
        Parameter #1 [ <optional> $vars = Array ]
        Parameter #2 [ <optional> $replace = Array ]
        Parameter #3 [ <optional> $config = Array ]
      }
    }

    /**
     * 渲染内容输出
     * @access protected
     * @param string $content 模板内容
     * @param array  $vars    模板输出变量
     * @param array  $replace 替换内容
     * @param array  $config  模板参数
     * @return mixed
     */
    Method [ <user, inherits think\Controller> protected method display ] {
      @@ D:\wamp64\www\Tutor-distribution\tutorAssign\thinkphp\library\think\Controller.php 120 - 123

      - Parameters [4] {
        Parameter #0 [ <optional> $content = '' ]
        Parameter #1 [ <optional> $vars = Array ]
        Parameter #2 [ <optional> $replace = Array ]
        Parameter #3 [ <optional> $config = Array ]
      }
    }

    /**
     * 模板变量赋值
     * @access protected
     * @param mixed $name  要显示的模板变量
     * @param mixed $value 变量的值
     * @return void
     */
    Method [ <user, inherits think\Controller> protected method assign ] {
      @@ D:\wamp64\www\Tutor-distribution\tutorAssign\thinkphp\library\think\Controller.php 132 - 135

      - Parameters [2] {
        Parameter #0 [ <required> $name ]
        Parameter #1 [ <optional> $value = '' ]
      }
    }

    /**
     * 初始化模板引擎
     * @access protected
     * @param array|string $engine 引擎参数
     * @return void
     */
    Method [ <user, inherits think\Controller> protected method engine ] {
      @@ D:\wamp64\www\Tutor-distribution\tutorAssign\thinkphp\library\think\Controller.php 143 - 146

      - Parameters [1] {
        Parameter #0 [ <required> $engine ]
      }
    }

    /**
     * 设置验证失败后是否抛出异常
     * @access protected
     * @param bool $fail 是否抛出异常
     * @return $this
     */
    Method [ <user, inherits think\Controller> protected method validateFailException ] {
      @@ D:\wamp64\www\Tutor-distribution\tutorAssign\thinkphp\library\think\Controller.php 154 - 158

      - Parameters [1] {
        Parameter #0 [ <optional> $fail = true ]
      }
    }

    /**
     * 验证数据
     * @access protected
     * @param array        $data     数据
     * @param string|array $validate 验证器名或者验证规则数组
     * @param array        $message  提示信息
     * @param bool         $batch    是否批量验证
     * @param mixed        $callback 回调方法（闭包）
     * @return array|string|true
     * @throws ValidateException
     */
    Method [ <user, inherits think\Controller> protected method validate ] {
      @@ D:\wamp64\www\Tutor-distribution\tutorAssign\thinkphp\library\think\Controller.php 171 - 208

      - Parameters [5] {
        Parameter #0 [ <required> $data ]
        Parameter #1 [ <required> $validate ]
        Parameter #2 [ <optional> $message = Array ]
        Parameter #3 [ <optional> $batch = false ]
        Parameter #4 [ <optional> $callback = NULL ]
      }
    }

    /**
     * 操作成功跳转的快捷方法
     * @access protected
     * @param mixed     $msg 提示信息
     * @param string    $url 跳转的URL地址
     * @param mixed     $data 返回的数据
     * @param integer   $wait 跳转等待时间
     * @param array     $header 发送的Header信息
     * @return void
     */
    Method [ <user, inherits think\Controller> protected method success ] {
      @@ D:\wamp64\www\Tutor-distribution\tutorAssign\thinkphp\library\traits\controller\Jump.php 37 - 64

      - Parameters [5] {
        Parameter #0 [ <optional> $msg = '' ]
        Parameter #1 [ <optional> $url = NULL ]
        Parameter #2 [ <optional> $data = '' ]
        Parameter #3 [ <optional> $wait = 3 ]
        Parameter #4 [ <optional> array $header = Array ]
      }
    }

    /**
     * 操作错误跳转的快捷方法
     * @access protected
     * @param mixed     $msg 提示信息
     * @param string    $url 跳转的URL地址
     * @param mixed     $data 返回的数据
     * @param integer   $wait 跳转等待时间
     * @param array     $header 发送的Header信息
     * @return void
     */
    Method [ <user, inherits think\Controller> protected method error ] {
      @@ D:\wamp64\www\Tutor-distribution\tutorAssign\thinkphp\library\traits\controller\Jump.php 76 - 103

      - Parameters [5] {
        Parameter #0 [ <optional> $msg = '' ]
        Parameter #1 [ <optional> $url = NULL ]
        Parameter #2 [ <optional> $data = '' ]
        Parameter #3 [ <optional> $wait = 3 ]
        Parameter #4 [ <optional> array $header = Array ]
      }
    }

    /**
     * 返回封装后的API数据到客户端
     * @access protected
     * @param mixed     $data 要返回的数据
     * @param integer   $code 返回的code
     * @param mixed     $msg 提示信息
     * @param string    $type 返回数据格式
     * @param array     $header 发送的Header信息
     * @return void
     */
    Method [ <user, inherits think\Controller> protected method result ] {
      @@ D:\wamp64\www\Tutor-distribution\tutorAssign\thinkphp\library\traits\controller\Jump.php 115 - 126

      - Parameters [5] {
        Parameter #0 [ <required> $data ]
        Parameter #1 [ <optional> $code = 0 ]
        Parameter #2 [ <optional> $msg = '' ]
        Parameter #3 [ <optional> $type = '' ]
        Parameter #4 [ <optional> array $header = Array ]
      }
    }

    /**
     * URL重定向
     * @access protected
     * @param string         $url 跳转的URL表达式
     * @param array|integer  $params 其它URL参数
     * @param integer        $code http code
     * @return void
     */
    Method [ <user, inherits think\Controller> protected method redirect ] {
      @@ D:\wamp64\www\Tutor-distribution\tutorAssign\thinkphp\library\traits\controller\Jump.php 136 - 145

      - Parameters [3] {
        Parameter #0 [ <required> $url ]
        Parameter #1 [ <optional> $params = Array ]
        Parameter #2 [ <optional> $code = 302 ]
      }
    }

    /**
     * 获取当前的response 输出类型
     * @access protected
     * @return string
     */
    Method [ <user, inherits think\Controller> protected method getResponseType ] {
      @@ D:\wamp64\www\Tutor-distribution\tutorAssign\thinkphp\library\traits\controller\Jump.php 152 - 156
    }
  }
}

[ info ] [ RUN ] Method [ <user> public method index ] {
  @@ D:\wamp64\www\Tutor-distribution\tutorAssign\app\index\controller\Index.php 9 - 13
}

[ info ] [ SESSION ] INIT array (
  'id' => '',
  'var_session_id' => '',
  'prefix' => 'think',
  'type' => '',
  'auto_start' => true,
)
[ info ] [ LOG ] INIT File

---------------------------------------------------------------
[ 2016-11-15T20:09:46+08:00 ] ::1 ::1 GET /Tutor-distribution/tutorAssign/public/index.php/index/base_controller/login.html
[ log ] localhost/Tutor-distribution/tutorAssign/public/index.php/index/base_controller/login.html [运行时间：1.032162s][吞吐率：0.97req/s] [内存消耗：3,383.44kb] [文件加载：42]
[ info ] [ LANG ] D:\wamp64\www\Tutor-distribution\tutorAssign\thinkphp\lang\zh-cn.php
[ info ] [ ROUTE ] array (
  'type' => 'module',
  'module' => 
  array (
    0 => 'index',
    1 => 'base_controller',
    2 => 'login',
  ),
)
[ info ] [ HEADER ] array (
  'host' => 'localhost',
  'user-agent' => 'Mozilla/5.0 (Windows NT 10.0; WOW64; rv:49.0) Gecko/20100101 Firefox/49.0',
  'accept' => 'text/html,application/xhtml+xml,application/xml;q=0.9,*/*;q=0.8',
  'accept-language' => 'zh-CN,zh;q=0.8,en-US;q=0.5,en;q=0.3',
  'accept-encoding' => 'gzip, deflate',
  'cookie' => 'Webstorm-b18dcdb6=ab2514c5-d3dd-4774-bf32-8a62f505ea87; Phpstorm-4f95f2da=0291b448-e5fe-4740-b7fd-e68182f4695e; PHPSESSID=ltdlfantmk89li2ngdihlrcc14',
  'connection' => 'keep-alive',
  'upgrade-insecure-requests' => '1',
)
[ info ] [ PARAM ] array (
)
[ info ] [ RUN ] Class [ <user> class app\index\controller\BaseController extends think\Controller ] {
  @@ D:\wamp64\www\Tutor-distribution\tutorAssign\app\index\controller\BaseController.php 9-128

  - Constants [0] {
  }

  - Static properties [0] {
  }

  - Static methods [0] {
  }

  - Properties [5] {
    Property [ <default> protected $view ]
    Property [ <default> protected $request ]
    Property [ <default> protected $failException ]
    Property [ <default> protected $batchValidate ]
    Property [ <default> protected $beforeActionList ]
  }

  - Methods [23] {
    Method [ <user> public method auto_login ] {
      @@ D:\wamp64\www\Tutor-distribution\tutorAssign\app\index\controller\BaseController.php 14 - 19

      - Parameters [1] {
        Parameter #0 [ <optional> $type = NULL ]
      }
    }

    Method [ <user> public method login ] {
      @@ D:\wamp64\www\Tutor-distribution\tutorAssign\app\index\controller\BaseController.php 21 - 63
    }

    Method [ <user> public method hasLogin ] {
      @@ D:\wamp64\www\Tutor-distribution\tutorAssign\app\index\controller\BaseController.php 65 - 70

      - Parameters [1] {
        Parameter #0 [ <optional> $type = NULL ]
      }
    }

    Method [ <user> public method logout ] {
      @@ D:\wamp64\www\Tutor-distribution\tutorAssign\app\index\controller\BaseController.php 72 - 79
    }

    Method [ <user> public method refresh_user ] {
      @@ D:\wamp64\www\Tutor-distribution\tutorAssign\app\index\controller\BaseController.php 81 - 87
    }

    Method [ <user> public method make_menu ] {
      @@ D:\wamp64\www\Tutor-distribution\tutorAssign\app\index\controller\BaseController.php 89 - 101

      - Parameters [1] {
        Parameter #0 [ <required> $menus ]
      }
    }

    Method [ <user> public method translate ] {
      @@ D:\wamp64\www\Tutor-distribution\tutorAssign\app\index\controller\BaseController.php 103 - 118

      - Parameters [1] {
        Parameter #0 [ <required> $name ]
      }
    }

    Method [ <user> public method successJson ] {
      @@ D:\wamp64\www\Tutor-distribution\tutorAssign\app\index\controller\BaseController.php 120 - 122

      - Parameters [1] {
        Parameter #0 [ <optional> $data = '' ]
      }
    }

    Method [ <user> public method errorJson ] {
      @@ D:\wamp64\www\Tutor-distribution\tutorAssign\app\index\controller\BaseController.php 124 - 126

      - Parameters [1] {
        Parameter #0 [ <optional> $data = '' ]
      }
    }

    /**
     * 架构函数
     * @param Request $request Request对象
     * @access public
     */
    Method [ <user, inherits think\Controller, ctor> public method __construct ] {
      @@ D:\wamp64\www\Tutor-distribution\tutorAssign\thinkphp\library\think\Controller.php 44 - 63

      - Parameters [1] {
        Parameter #0 [ <optional> think\Request or NULL $request = NULL ]
      }
    }

    Method [ <user, inherits think\Controller> protected method _initialize ] {
      @@ D:\wamp64\www\Tutor-distribution\tutorAssign\thinkphp\library\think\Controller.php 66 - 68
    }

    /**
     * 前置操作
     * @access protected
     * @param string $method  前置操作方法名
     * @param array  $options 调用参数 ['only'=>[...]] 或者['except'=>[...]]
     */
    Method [ <user, inherits think\Controller> protected method beforeAction ] {
      @@ D:\wamp64\www\Tutor-distribution\tutorAssign\thinkphp\library\think\Controller.php 76 - 95

      - Parameters [2] {
        Parameter #0 [ <required> $method ]
        Parameter #1 [ <optional> $options = Array ]
      }
    }

    /**
     * 加载模板输出
     * @access protected
     * @param string $template 模板文件名
     * @param array  $vars     模板输出变量
     * @param array  $replace  模板替换
     * @param array  $config   模板参数
     * @return mixed
     */
    Method [ <user, inherits think\Controller> protected method fetch ] {
      @@ D:\wamp64\www\Tutor-distribution\tutorAssign\thinkphp\library\think\Controller.php 106 - 109

      - Parameters [4] {
        Parameter #0 [ <optional> $template = '' ]
        Parameter #1 [ <optional> $vars = Array ]
        Parameter #2 [ <optional> $replace = Array ]
        Parameter #3 [ <optional> $config = Array ]
      }
    }

    /**
     * 渲染内容输出
     * @access protected
     * @param string $content 模板内容
     * @param array  $vars    模板输出变量
     * @param array  $replace 替换内容
     * @param array  $config  模板参数
     * @return mixed
     */
    Method [ <user, inherits think\Controller> protected method display ] {
      @@ D:\wamp64\www\Tutor-distribution\tutorAssign\thinkphp\library\think\Controller.php 120 - 123

      - Parameters [4] {
        Parameter #0 [ <optional> $content = '' ]
        Parameter #1 [ <optional> $vars = Array ]
        Parameter #2 [ <optional> $replace = Array ]
        Parameter #3 [ <optional> $config = Array ]
      }
    }

    /**
     * 模板变量赋值
     * @access protected
     * @param mixed $name  要显示的模板变量
     * @param mixed $value 变量的值
     * @return void
     */
    Method [ <user, inherits think\Controller> protected method assign ] {
      @@ D:\wamp64\www\Tutor-distribution\tutorAssign\thinkphp\library\think\Controller.php 132 - 135

      - Parameters [2] {
        Parameter #0 [ <required> $name ]
        Parameter #1 [ <optional> $value = '' ]
      }
    }

    /**
     * 初始化模板引擎
     * @access protected
     * @param array|string $engine 引擎参数
     * @return void
     */
    Method [ <user, inherits think\Controller> protected method engine ] {
      @@ D:\wamp64\www\Tutor-distribution\tutorAssign\thinkphp\library\think\Controller.php 143 - 146

      - Parameters [1] {
        Parameter #0 [ <required> $engine ]
      }
    }

    /**
     * 设置验证失败后是否抛出异常
     * @access protected
     * @param bool $fail 是否抛出异常
     * @return $this
     */
    Method [ <user, inherits think\Controller> protected method validateFailException ] {
      @@ D:\wamp64\www\Tutor-distribution\tutorAssign\thinkphp\library\think\Controller.php 154 - 158

      - Parameters [1] {
        Parameter #0 [ <optional> $fail = true ]
      }
    }

    /**
     * 验证数据
     * @access protected
     * @param array        $data     数据
     * @param string|array $validate 验证器名或者验证规则数组
     * @param array        $message  提示信息
     * @param bool         $batch    是否批量验证
     * @param mixed        $callback 回调方法（闭包）
     * @return array|string|true
     * @throws ValidateException
     */
    Method [ <user, inherits think\Controller> protected method validate ] {
      @@ D:\wamp64\www\Tutor-distribution\tutorAssign\thinkphp\library\think\Controller.php 171 - 208

      - Parameters [5] {
        Parameter #0 [ <required> $data ]
        Parameter #1 [ <required> $validate ]
        Parameter #2 [ <optional> $message = Array ]
        Parameter #3 [ <optional> $batch = false ]
        Parameter #4 [ <optional> $callback = NULL ]
      }
    }

    /**
     * 操作成功跳转的快捷方法
     * @access protected
     * @param mixed     $msg 提示信息
     * @param string    $url 跳转的URL地址
     * @param mixed     $data 返回的数据
     * @param integer   $wait 跳转等待时间
     * @param array     $header 发送的Header信息
     * @return void
     */
    Method [ <user, inherits think\Controller> protected method success ] {
      @@ D:\wamp64\www\Tutor-distribution\tutorAssign\thinkphp\library\traits\controller\Jump.php 37 - 64

      - Parameters [5] {
        Parameter #0 [ <optional> $msg = '' ]
        Parameter #1 [ <optional> $url = NULL ]
        Parameter #2 [ <optional> $data = '' ]
        Parameter #3 [ <optional> $wait = 3 ]
        Parameter #4 [ <optional> array $header = Array ]
      }
    }

    /**
     * 操作错误跳转的快捷方法
     * @access protected
     * @param mixed     $msg 提示信息
     * @param string    $url 跳转的URL地址
     * @param mixed     $data 返回的数据
     * @param integer   $wait 跳转等待时间
     * @param array     $header 发送的Header信息
     * @return void
     */
    Method [ <user, inherits think\Controller> protected method error ] {
      @@ D:\wamp64\www\Tutor-distribution\tutorAssign\thinkphp\library\traits\controller\Jump.php 76 - 103

      - Parameters [5] {
        Parameter #0 [ <optional> $msg = '' ]
        Parameter #1 [ <optional> $url = NULL ]
        Parameter #2 [ <optional> $data = '' ]
        Parameter #3 [ <optional> $wait = 3 ]
        Parameter #4 [ <optional> array $header = Array ]
      }
    }

    /**
     * 返回封装后的API数据到客户端
     * @access protected
     * @param mixed     $data 要返回的数据
     * @param integer   $code 返回的code
     * @param mixed     $msg 提示信息
     * @param string    $type 返回数据格式
     * @param array     $header 发送的Header信息
     * @return void
     */
    Method [ <user, inherits think\Controller> protected method result ] {
      @@ D:\wamp64\www\Tutor-distribution\tutorAssign\thinkphp\library\traits\controller\Jump.php 115 - 126

      - Parameters [5] {
        Parameter #0 [ <required> $data ]
        Parameter #1 [ <optional> $code = 0 ]
        Parameter #2 [ <optional> $msg = '' ]
        Parameter #3 [ <optional> $type = '' ]
        Parameter #4 [ <optional> array $header = Array ]
      }
    }

    /**
     * URL重定向
     * @access protected
     * @param string         $url 跳转的URL表达式
     * @param array|integer  $params 其它URL参数
     * @param integer        $code http code
     * @return void
     */
    Method [ <user, inherits think\Controller> protected method redirect ] {
      @@ D:\wamp64\www\Tutor-distribution\tutorAssign\thinkphp\library\traits\controller\Jump.php 136 - 145

      - Parameters [3] {
        Parameter #0 [ <required> $url ]
        Parameter #1 [ <optional> $params = Array ]
        Parameter #2 [ <optional> $code = 302 ]
      }
    }

    /**
     * 获取当前的response 输出类型
     * @access protected
     * @return string
     */
    Method [ <user, inherits think\Controller> protected method getResponseType ] {
      @@ D:\wamp64\www\Tutor-distribution\tutorAssign\thinkphp\library\traits\controller\Jump.php 152 - 156
    }
  }
}

[ info ] [ RUN ] Method [ <user> public method login ] {
  @@ D:\wamp64\www\Tutor-distribution\tutorAssign\app\index\controller\BaseController.php 21 - 63
}

[ info ] [ DB ] INIT mysql
[ info ] [ VIEW ] D:\wamp64\www\Tutor-distribution\tutorAssign\public/../app/index\view\common\login.html [ array (
) ]
[ info ] [ LOG ] INIT File
[ sql ] [ DB ] CONNECT:[ UseTime:0.187852s ] mysql:dbname=teacher_class_system;host=127.0.0.1;charset=utf8
[ sql ] [ SQL ] SHOW COLUMNS FROM `task_info` [ RunTime:0.466882s ]
[ sql ] [ SQL ] UPDATE `task_info`  SET `taskState`=1  WHERE  `teacherDeadline` < '20161115'  AND `taskState` = 0      [ RunTime:0.171818s ]
[ sql ] [ SQL ] UPDATE `task_info`  SET `taskState`=2  WHERE  `departmentDeadline` < '20161115'  AND `taskState` = 1      [ RunTime:0.000622s ]

---------------------------------------------------------------
[ 2016-11-15T20:10:12+08:00 ] ::1 ::1 POST /Tutor-distribution/tutorAssign/public/index.php/index/base_controller/login.html
[ log ] localhost/Tutor-distribution/tutorAssign/public/index.php/index/base_controller/login.html [运行时间：0.190185s][吞吐率：5.26req/s] [内存消耗：3,486.48kb] [文件加载：44]
[ info ] [ LANG ] D:\wamp64\www\Tutor-distribution\tutorAssign\thinkphp\lang\zh-cn.php
[ info ] [ ROUTE ] array (
  'type' => 'module',
  'module' => 
  array (
    0 => 'index',
    1 => 'base_controller',
    2 => 'login',
  ),
)
[ info ] [ HEADER ] array (
  'host' => 'localhost',
  'user-agent' => 'Mozilla/5.0 (Windows NT 10.0; WOW64; rv:49.0) Gecko/20100101 Firefox/49.0',
  'accept' => 'text/html,application/xhtml+xml,application/xml;q=0.9,*/*;q=0.8',
  'accept-language' => 'zh-CN,zh;q=0.8,en-US;q=0.5,en;q=0.3',
  'accept-encoding' => 'gzip, deflate',
  'referer' => 'http://localhost/Tutor-distribution/tutorAssign/public/index.php/index/base_controller/login.html',
  'cookie' => 'thinkphp_show_page_trace=0|0; Webstorm-b18dcdb6=ab2514c5-d3dd-4774-bf32-8a62f505ea87; Phpstorm-4f95f2da=0291b448-e5fe-4740-b7fd-e68182f4695e; PHPSESSID=ltdlfantmk89li2ngdihlrcc14',
  'connection' => 'keep-alive',
  'upgrade-insecure-requests' => '1',
  'content-type' => 'application/x-www-form-urlencoded',
  'content-length' => '56',
)
[ info ] [ PARAM ] array (
  'login-user' => '00022',
  'login-password' => '00022',
  'login-type' => 'teacher',
)
[ info ] [ RUN ] Class [ <user> class app\index\controller\BaseController extends think\Controller ] {
  @@ D:\wamp64\www\Tutor-distribution\tutorAssign\app\index\controller\BaseController.php 9-128

  - Constants [0] {
  }

  - Static properties [0] {
  }

  - Static methods [0] {
  }

  - Properties [5] {
    Property [ <default> protected $view ]
    Property [ <default> protected $request ]
    Property [ <default> protected $failException ]
    Property [ <default> protected $batchValidate ]
    Property [ <default> protected $beforeActionList ]
  }

  - Methods [23] {
    Method [ <user> public method auto_login ] {
      @@ D:\wamp64\www\Tutor-distribution\tutorAssign\app\index\controller\BaseController.php 14 - 19

      - Parameters [1] {
        Parameter #0 [ <optional> $type = NULL ]
      }
    }

    Method [ <user> public method login ] {
      @@ D:\wamp64\www\Tutor-distribution\tutorAssign\app\index\controller\BaseController.php 21 - 63
    }

    Method [ <user> public method hasLogin ] {
      @@ D:\wamp64\www\Tutor-distribution\tutorAssign\app\index\controller\BaseController.php 65 - 70

      - Parameters [1] {
        Parameter #0 [ <optional> $type = NULL ]
      }
    }

    Method [ <user> public method logout ] {
      @@ D:\wamp64\www\Tutor-distribution\tutorAssign\app\index\controller\BaseController.php 72 - 79
    }

    Method [ <user> public method refresh_user ] {
      @@ D:\wamp64\www\Tutor-distribution\tutorAssign\app\index\controller\BaseController.php 81 - 87
    }

    Method [ <user> public method make_menu ] {
      @@ D:\wamp64\www\Tutor-distribution\tutorAssign\app\index\controller\BaseController.php 89 - 101

      - Parameters [1] {
        Parameter #0 [ <required> $menus ]
      }
    }

    Method [ <user> public method translate ] {
      @@ D:\wamp64\www\Tutor-distribution\tutorAssign\app\index\controller\BaseController.php 103 - 118

      - Parameters [1] {
        Parameter #0 [ <required> $name ]
      }
    }

    Method [ <user> public method successJson ] {
      @@ D:\wamp64\www\Tutor-distribution\tutorAssign\app\index\controller\BaseController.php 120 - 122

      - Parameters [1] {
        Parameter #0 [ <optional> $data = '' ]
      }
    }

    Method [ <user> public method errorJson ] {
      @@ D:\wamp64\www\Tutor-distribution\tutorAssign\app\index\controller\BaseController.php 124 - 126

      - Parameters [1] {
        Parameter #0 [ <optional> $data = '' ]
      }
    }

    /**
     * 架构函数
     * @param Request $request Request对象
     * @access public
     */
    Method [ <user, inherits think\Controller, ctor> public method __construct ] {
      @@ D:\wamp64\www\Tutor-distribution\tutorAssign\thinkphp\library\think\Controller.php 44 - 63

      - Parameters [1] {
        Parameter #0 [ <optional> think\Request or NULL $request = NULL ]
      }
    }

    Method [ <user, inherits think\Controller> protected method _initialize ] {
      @@ D:\wamp64\www\Tutor-distribution\tutorAssign\thinkphp\library\think\Controller.php 66 - 68
    }

    /**
     * 前置操作
     * @access protected
     * @param string $method  前置操作方法名
     * @param array  $options 调用参数 ['only'=>[...]] 或者['except'=>[...]]
     */
    Method [ <user, inherits think\Controller> protected method beforeAction ] {
      @@ D:\wamp64\www\Tutor-distribution\tutorAssign\thinkphp\library\think\Controller.php 76 - 95

      - Parameters [2] {
        Parameter #0 [ <required> $method ]
        Parameter #1 [ <optional> $options = Array ]
      }
    }

    /**
     * 加载模板输出
     * @access protected
     * @param string $template 模板文件名
     * @param array  $vars     模板输出变量
     * @param array  $replace  模板替换
     * @param array  $config   模板参数
     * @return mixed
     */
    Method [ <user, inherits think\Controller> protected method fetch ] {
      @@ D:\wamp64\www\Tutor-distribution\tutorAssign\thinkphp\library\think\Controller.php 106 - 109

      - Parameters [4] {
        Parameter #0 [ <optional> $template = '' ]
        Parameter #1 [ <optional> $vars = Array ]
        Parameter #2 [ <optional> $replace = Array ]
        Parameter #3 [ <optional> $config = Array ]
      }
    }

    /**
     * 渲染内容输出
     * @access protected
     * @param string $content 模板内容
     * @param array  $vars    模板输出变量
     * @param array  $replace 替换内容
     * @param array  $config  模板参数
     * @return mixed
     */
    Method [ <user, inherits think\Controller> protected method display ] {
      @@ D:\wamp64\www\Tutor-distribution\tutorAssign\thinkphp\library\think\Controller.php 120 - 123

      - Parameters [4] {
        Parameter #0 [ <optional> $content = '' ]
        Parameter #1 [ <optional> $vars = Array ]
        Parameter #2 [ <optional> $replace = Array ]
        Parameter #3 [ <optional> $config = Array ]
      }
    }

    /**
     * 模板变量赋值
     * @access protected
     * @param mixed $name  要显示的模板变量
     * @param mixed $value 变量的值
     * @return void
     */
    Method [ <user, inherits think\Controller> protected method assign ] {
      @@ D:\wamp64\www\Tutor-distribution\tutorAssign\thinkphp\library\think\Controller.php 132 - 135

      - Parameters [2] {
        Parameter #0 [ <required> $name ]
        Parameter #1 [ <optional> $value = '' ]
      }
    }

    /**
     * 初始化模板引擎
     * @access protected
     * @param array|string $engine 引擎参数
     * @return void
     */
    Method [ <user, inherits think\Controller> protected method engine ] {
      @@ D:\wamp64\www\Tutor-distribution\tutorAssign\thinkphp\library\think\Controller.php 143 - 146

      - Parameters [1] {
        Parameter #0 [ <required> $engine ]
      }
    }

    /**
     * 设置验证失败后是否抛出异常
     * @access protected
     * @param bool $fail 是否抛出异常
     * @return $this
     */
    Method [ <user, inherits think\Controller> protected method validateFailException ] {
      @@ D:\wamp64\www\Tutor-distribution\tutorAssign\thinkphp\library\think\Controller.php 154 - 158

      - Parameters [1] {
        Parameter #0 [ <optional> $fail = true ]
      }
    }

    /**
     * 验证数据
     * @access protected
     * @param array        $data     数据
     * @param string|array $validate 验证器名或者验证规则数组
     * @param array        $message  提示信息
     * @param bool         $batch    是否批量验证
     * @param mixed        $callback 回调方法（闭包）
     * @return array|string|true
     * @throws ValidateException
     */
    Method [ <user, inherits think\Controller> protected method validate ] {
      @@ D:\wamp64\www\Tutor-distribution\tutorAssign\thinkphp\library\think\Controller.php 171 - 208

      - Parameters [5] {
        Parameter #0 [ <required> $data ]
        Parameter #1 [ <required> $validate ]
        Parameter #2 [ <optional> $message = Array ]
        Parameter #3 [ <optional> $batch = false ]
        Parameter #4 [ <optional> $callback = NULL ]
      }
    }

    /**
     * 操作成功跳转的快捷方法
     * @access protected
     * @param mixed     $msg 提示信息
     * @param string    $url 跳转的URL地址
     * @param mixed     $data 返回的数据
     * @param integer   $wait 跳转等待时间
     * @param array     $header 发送的Header信息
     * @return void
     */
    Method [ <user, inherits think\Controller> protected method success ] {
      @@ D:\wamp64\www\Tutor-distribution\tutorAssign\thinkphp\library\traits\controller\Jump.php 37 - 64

      - Parameters [5] {
        Parameter #0 [ <optional> $msg = '' ]
        Parameter #1 [ <optional> $url = NULL ]
        Parameter #2 [ <optional> $data = '' ]
        Parameter #3 [ <optional> $wait = 3 ]
        Parameter #4 [ <optional> array $header = Array ]
      }
    }

    /**
     * 操作错误跳转的快捷方法
     * @access protected
     * @param mixed     $msg 提示信息
     * @param string    $url 跳转的URL地址
     * @param mixed     $data 返回的数据
     * @param integer   $wait 跳转等待时间
     * @param array     $header 发送的Header信息
     * @return void
     */
    Method [ <user, inherits think\Controller> protected method error ] {
      @@ D:\wamp64\www\Tutor-distribution\tutorAssign\thinkphp\library\traits\controller\Jump.php 76 - 103

      - Parameters [5] {
        Parameter #0 [ <optional> $msg = '' ]
        Parameter #1 [ <optional> $url = NULL ]
        Parameter #2 [ <optional> $data = '' ]
        Parameter #3 [ <optional> $wait = 3 ]
        Parameter #4 [ <optional> array $header = Array ]
      }
    }

    /**
     * 返回封装后的API数据到客户端
     * @access protected
     * @param mixed     $data 要返回的数据
     * @param integer   $code 返回的code
     * @param mixed     $msg 提示信息
     * @param string    $type 返回数据格式
     * @param array     $header 发送的Header信息
     * @return void
     */
    Method [ <user, inherits think\Controller> protected method result ] {
      @@ D:\wamp64\www\Tutor-distribution\tutorAssign\thinkphp\library\traits\controller\Jump.php 115 - 126

      - Parameters [5] {
        Parameter #0 [ <required> $data ]
        Parameter #1 [ <optional> $code = 0 ]
        Parameter #2 [ <optional> $msg = '' ]
        Parameter #3 [ <optional> $type = '' ]
        Parameter #4 [ <optional> array $header = Array ]
      }
    }

    /**
     * URL重定向
     * @access protected
     * @param string         $url 跳转的URL表达式
     * @param array|integer  $params 其它URL参数
     * @param integer        $code http code
     * @return void
     */
    Method [ <user, inherits think\Controller> protected method redirect ] {
      @@ D:\wamp64\www\Tutor-distribution\tutorAssign\thinkphp\library\traits\controller\Jump.php 136 - 145

      - Parameters [3] {
        Parameter #0 [ <required> $url ]
        Parameter #1 [ <optional> $params = Array ]
        Parameter #2 [ <optional> $code = 302 ]
      }
    }

    /**
     * 获取当前的response 输出类型
     * @access protected
     * @return string
     */
    Method [ <user, inherits think\Controller> protected method getResponseType ] {
      @@ D:\wamp64\www\Tutor-distribution\tutorAssign\thinkphp\library\traits\controller\Jump.php 152 - 156
    }
  }
}

[ info ] [ RUN ] Method [ <user> public method login ] {
  @@ D:\wamp64\www\Tutor-distribution\tutorAssign\app\index\controller\BaseController.php 21 - 63
}

[ info ] [ DB ] INIT mysql
[ info ] [ SESSION ] INIT array (
  'id' => '',
  'var_session_id' => '',
  'prefix' => 'think',
  'type' => '',
  'auto_start' => true,
)
[ info ] [ VIEW ] D:\wamp64\www\Tutor-distribution\tutorAssign\thinkphp\tpl\dispatch_jump.tpl [ array (
  0 => 'code',
  1 => 'msg',
  2 => 'data',
  3 => 'url',
  4 => 'wait',
) ]
[ info ] [ LOG ] INIT File
[ sql ] [ DB ] CONNECT:[ UseTime:0.001262s ] mysql:dbname=teacher_class_system;host=127.0.0.1;charset=utf8
[ sql ] [ SQL ] SHOW COLUMNS FROM `user_teacher` [ RunTime:0.015867s ]
[ sql ] [ SQL ] SELECT * FROM `user_teacher` WHERE  `workNumber` = '00022' LIMIT 1    [ RunTime:0.085139s ]

---------------------------------------------------------------
[ 2016-11-15T20:10:15+08:00 ] ::1 ::1 GET /Tutor-distribution/tutorAssign/public/index.php/index/teacher/index.html
[ log ] localhost/Tutor-distribution/tutorAssign/public/index.php/index/teacher/index.html [运行时间：0.093892s][吞吐率：10.65req/s] [内存消耗：2,560.04kb] [文件加载：39]
[ info ] [ LANG ] D:\wamp64\www\Tutor-distribution\tutorAssign\thinkphp\lang\zh-cn.php
[ info ] [ ROUTE ] array (
  'type' => 'module',
  'module' => 
  array (
    0 => 'index',
    1 => 'teacher',
    2 => 'index',
  ),
)
[ info ] [ HEADER ] array (
  'host' => 'localhost',
  'user-agent' => 'Mozilla/5.0 (Windows NT 10.0; WOW64; rv:49.0) Gecko/20100101 Firefox/49.0',
  'accept' => 'text/html,application/xhtml+xml,application/xml;q=0.9,*/*;q=0.8',
  'accept-language' => 'zh-CN,zh;q=0.8,en-US;q=0.5,en;q=0.3',
  'accept-encoding' => 'gzip, deflate',
  'referer' => 'http://localhost/Tutor-distribution/tutorAssign/public/index.php/index/base_controller/login.html',
  'cookie' => 'Webstorm-b18dcdb6=ab2514c5-d3dd-4774-bf32-8a62f505ea87; Phpstorm-4f95f2da=0291b448-e5fe-4740-b7fd-e68182f4695e; PHPSESSID=ltdlfantmk89li2ngdihlrcc14',
  'connection' => 'keep-alive',
  'upgrade-insecure-requests' => '1',
)
[ info ] [ PARAM ] array (
)
[ info ] [ RUN ] Class [ <user> class app\index\controller\Teacher extends app\index\controller\BaseController ] {
  @@ D:\wamp64\www\Tutor-distribution\tutorAssign\app\index\controller\Teacher.php 8-209

  - Constants [0] {
  }

  - Static properties [0] {
  }

  - Static methods [0] {
  }

  - Properties [6] {
    Property [ <default> public $menu ]
    Property [ <default> protected $view ]
    Property [ <default> protected $request ]
    Property [ <default> protected $failException ]
    Property [ <default> protected $batchValidate ]
    Property [ <default> protected $beforeActionList ]
  }

  - Methods [33] {
    Method [ <user, overwrites think\Controller, prototype think\Controller> public method _initialize ] {
      @@ D:\wamp64\www\Tutor-distribution\tutorAssign\app\index\controller\Teacher.php 10 - 20
    }

    Method [ <user> public method index ] {
      @@ D:\wamp64\www\Tutor-distribution\tutorAssign\app\index\controller\Teacher.php 21 - 24
    }

    Method [ <user> public method indexHome ] {
      @@ D:\wamp64\www\Tutor-distribution\tutorAssign\app\index\controller\Teacher.php 26 - 28
    }

    Method [ <user> public method select ] {
      @@ D:\wamp64\www\Tutor-distribution\tutorAssign\app\index\controller\Teacher.php 30 - 63
    }

    Method [ <user> public method table_overview ] {
      @@ D:\wamp64\www\Tutor-distribution\tutorAssign\app\index\controller\Teacher.php 64 - 71
    }

    Method [ <user> public method table_page ] {
      @@ D:\wamp64\www\Tutor-distribution\tutorAssign\app\index\controller\Teacher.php 72 - 110

      - Parameters [1] {
        Parameter #0 [ <optional> $table_name = '' ]
      }
    }

    Method [ <user> public method table_list ] {
      @@ D:\wamp64\www\Tutor-distribution\tutorAssign\app\index\controller\Teacher.php 112 - 135
    }

    Method [ <user> public method table_fill ] {
      @@ D:\wamp64\www\Tutor-distribution\tutorAssign\app\index\controller\Teacher.php 137 - 150
    }

    Method [ <user> public method information ] {
      @@ D:\wamp64\www\Tutor-distribution\tutorAssign\app\index\controller\Teacher.php 153 - 156
    }

    Method [ <user> public method information_change ] {
      @@ D:\wamp64\www\Tutor-distribution\tutorAssign\app\index\controller\Teacher.php 158 - 183
    }

    Method [ <user> public method save_table_fill ] {
      @@ D:\wamp64\www\Tutor-distribution\tutorAssign\app\index\controller\Teacher.php 185 - 207
    }

    Method [ <user, inherits app\index\controller\BaseController> public method auto_login ] {
      @@ D:\wamp64\www\Tutor-distribution\tutorAssign\app\index\controller\BaseController.php 14 - 19

      - Parameters [1] {
        Parameter #0 [ <optional> $type = NULL ]
      }
    }

    Method [ <user, inherits app\index\controller\BaseController> public method login ] {
      @@ D:\wamp64\www\Tutor-distribution\tutorAssign\app\index\controller\BaseController.php 21 - 63
    }

    Method [ <user, inherits app\index\controller\BaseController> public method hasLogin ] {
      @@ D:\wamp64\www\Tutor-distribution\tutorAssign\app\index\controller\BaseController.php 65 - 70

      - Parameters [1] {
        Parameter #0 [ <optional> $type = NULL ]
      }
    }

    Method [ <user, inherits app\index\controller\BaseController> public method logout ] {
      @@ D:\wamp64\www\Tutor-distribution\tutorAssign\app\index\controller\BaseController.php 72 - 79
    }

    Method [ <user, inherits app\index\controller\BaseController> public method refresh_user ] {
      @@ D:\wamp64\www\Tutor-distribution\tutorAssign\app\index\controller\BaseController.php 81 - 87
    }

    Method [ <user, inherits app\index\controller\BaseController> public method make_menu ] {
      @@ D:\wamp64\www\Tutor-distribution\tutorAssign\app\index\controller\BaseController.php 89 - 101

      - Parameters [1] {
        Parameter #0 [ <required> $menus ]
      }
    }

    Method [ <user, inherits app\index\controller\BaseController> public method translate ] {
      @@ D:\wamp64\www\Tutor-distribution\tutorAssign\app\index\controller\BaseController.php 103 - 118

      - Parameters [1] {
        Parameter #0 [ <required> $name ]
      }
    }

    Method [ <user, inherits app\index\controller\BaseController> public method successJson ] {
      @@ D:\wamp64\www\Tutor-distribution\tutorAssign\app\index\controller\BaseController.php 120 - 122

      - Parameters [1] {
        Parameter #0 [ <optional> $data = '' ]
      }
    }

    Method [ <user, inherits app\index\controller\BaseController> public method errorJson ] {
      @@ D:\wamp64\www\Tutor-distribution\tutorAssign\app\index\controller\BaseController.php 124 - 126

      - Parameters [1] {
        Parameter #0 [ <optional> $data = '' ]
      }
    }

    /**
     * 架构函数
     * @param Request $request Request对象
     * @access public
     */
    Method [ <user, inherits think\Controller, ctor> public method __construct ] {
      @@ D:\wamp64\www\Tutor-distribution\tutorAssign\thinkphp\library\think\Controller.php 44 - 63

      - Parameters [1] {
        Parameter #0 [ <optional> think\Request or NULL $request = NULL ]
      }
    }

    /**
     * 前置操作
     * @access protected
     * @param string $method  前置操作方法名
     * @param array  $options 调用参数 ['only'=>[...]] 或者['except'=>[...]]
     */
    Method [ <user, inherits think\Controller> protected method beforeAction ] {
      @@ D:\wamp64\www\Tutor-distribution\tutorAssign\thinkphp\library\think\Controller.php 76 - 95

      - Parameters [2] {
        Parameter #0 [ <required> $method ]
        Parameter #1 [ <optional> $options = Array ]
      }
    }

    /**
     * 加载模板输出
     * @access protected
     * @param string $template 模板文件名
     * @param array  $vars     模板输出变量
     * @param array  $replace  模板替换
     * @param array  $config   模板参数
     * @return mixed
     */
    Method [ <user, inherits think\Controller> protected method fetch ] {
      @@ D:\wamp64\www\Tutor-distribution\tutorAssign\thinkphp\library\think\Controller.php 106 - 109

      - Parameters [4] {
        Parameter #0 [ <optional> $template = '' ]
        Parameter #1 [ <optional> $vars = Array ]
        Parameter #2 [ <optional> $replace = Array ]
        Parameter #3 [ <optional> $config = Array ]
      }
    }

    /**
     * 渲染内容输出
     * @access protected
     * @param string $content 模板内容
     * @param array  $vars    模板输出变量
     * @param array  $replace 替换内容
     * @param array  $config  模板参数
     * @return mixed
     */
    Method [ <user, inherits think\Controller> protected method display ] {
      @@ D:\wamp64\www\Tutor-distribution\tutorAssign\thinkphp\library\think\Controller.php 120 - 123

      - Parameters [4] {
        Parameter #0 [ <optional> $content = '' ]
        Parameter #1 [ <optional> $vars = Array ]
        Parameter #2 [ <optional> $replace = Array ]
        Parameter #3 [ <optional> $config = Array ]
      }
    }

    /**
     * 模板变量赋值
     * @access protected
     * @param mixed $name  要显示的模板变量
     * @param mixed $value 变量的值
     * @return void
     */
    Method [ <user, inherits think\Controller> protected method assign ] {
      @@ D:\wamp64\www\Tutor-distribution\tutorAssign\thinkphp\library\think\Controller.php 132 - 135

      - Parameters [2] {
        Parameter #0 [ <required> $name ]
        Parameter #1 [ <optional> $value = '' ]
      }
    }

    /**
     * 初始化模板引擎
     * @access protected
     * @param array|string $engine 引擎参数
     * @return void
     */
    Method [ <user, inherits think\Controller> protected method engine ] {
      @@ D:\wamp64\www\Tutor-distribution\tutorAssign\thinkphp\library\think\Controller.php 143 - 146

      - Parameters [1] {
        Parameter #0 [ <required> $engine ]
      }
    }

    /**
     * 设置验证失败后是否抛出异常
     * @access protected
     * @param bool $fail 是否抛出异常
     * @return $this
     */
    Method [ <user, inherits think\Controller> protected method validateFailException ] {
      @@ D:\wamp64\www\Tutor-distribution\tutorAssign\thinkphp\library\think\Controller.php 154 - 158

      - Parameters [1] {
        Parameter #0 [ <optional> $fail = true ]
      }
    }

    /**
     * 验证数据
     * @access protected
     * @param array        $data     数据
     * @param string|array $validate 验证器名或者验证规则数组
     * @param array        $message  提示信息
     * @param bool         $batch    是否批量验证
     * @param mixed        $callback 回调方法（闭包）
     * @return array|string|true
     * @throws ValidateException
     */
    Method [ <user, inherits think\Controller> protected method validate ] {
      @@ D:\wamp64\www\Tutor-distribution\tutorAssign\thinkphp\library\think\Controller.php 171 - 208

      - Parameters [5] {
        Parameter #0 [ <required> $data ]
        Parameter #1 [ <required> $validate ]
        Parameter #2 [ <optional> $message = Array ]
        Parameter #3 [ <optional> $batch = false ]
        Parameter #4 [ <optional> $callback = NULL ]
      }
    }

    /**
     * 操作成功跳转的快捷方法
     * @access protected
     * @param mixed     $msg 提示信息
     * @param string    $url 跳转的URL地址
     * @param mixed     $data 返回的数据
     * @param integer   $wait 跳转等待时间
     * @param array     $header 发送的Header信息
     * @return void
     */
    Method [ <user, inherits think\Controller> protected method success ] {
      @@ D:\wamp64\www\Tutor-distribution\tutorAssign\thinkphp\library\traits\controller\Jump.php 37 - 64

      - Parameters [5] {
        Parameter #0 [ <optional> $msg = '' ]
        Parameter #1 [ <optional> $url = NULL ]
        Parameter #2 [ <optional> $data = '' ]
        Parameter #3 [ <optional> $wait = 3 ]
        Parameter #4 [ <optional> array $header = Array ]
      }
    }

    /**
     * 操作错误跳转的快捷方法
     * @access protected
     * @param mixed     $msg 提示信息
     * @param string    $url 跳转的URL地址
     * @param mixed     $data 返回的数据
     * @param integer   $wait 跳转等待时间
     * @param array     $header 发送的Header信息
     * @return void
     */
    Method [ <user, inherits think\Controller> protected method error ] {
      @@ D:\wamp64\www\Tutor-distribution\tutorAssign\thinkphp\library\traits\controller\Jump.php 76 - 103

      - Parameters [5] {
        Parameter #0 [ <optional> $msg = '' ]
        Parameter #1 [ <optional> $url = NULL ]
        Parameter #2 [ <optional> $data = '' ]
        Parameter #3 [ <optional> $wait = 3 ]
        Parameter #4 [ <optional> array $header = Array ]
      }
    }

    /**
     * 返回封装后的API数据到客户端
     * @access protected
     * @param mixed     $data 要返回的数据
     * @param integer   $code 返回的code
     * @param mixed     $msg 提示信息
     * @param string    $type 返回数据格式
     * @param array     $header 发送的Header信息
     * @return void
     */
    Method [ <user, inherits think\Controller> protected method result ] {
      @@ D:\wamp64\www\Tutor-distribution\tutorAssign\thinkphp\library\traits\controller\Jump.php 115 - 126

      - Parameters [5] {
        Parameter #0 [ <required> $data ]
        Parameter #1 [ <optional> $code = 0 ]
        Parameter #2 [ <optional> $msg = '' ]
        Parameter #3 [ <optional> $type = '' ]
        Parameter #4 [ <optional> array $header = Array ]
      }
    }

    /**
     * URL重定向
     * @access protected
     * @param string         $url 跳转的URL表达式
     * @param array|integer  $params 其它URL参数
     * @param integer        $code http code
     * @return void
     */
    Method [ <user, inherits think\Controller> protected method redirect ] {
      @@ D:\wamp64\www\Tutor-distribution\tutorAssign\thinkphp\library\traits\controller\Jump.php 136 - 145

      - Parameters [3] {
        Parameter #0 [ <required> $url ]
        Parameter #1 [ <optional> $params = Array ]
        Parameter #2 [ <optional> $code = 302 ]
      }
    }

    /**
     * 获取当前的response 输出类型
     * @access protected
     * @return string
     */
    Method [ <user, inherits think\Controller> protected method getResponseType ] {
      @@ D:\wamp64\www\Tutor-distribution\tutorAssign\thinkphp\library\traits\controller\Jump.php 152 - 156
    }
  }
}

[ info ] [ SESSION ] INIT array (
  'id' => '',
  'var_session_id' => '',
  'prefix' => 'think',
  'type' => '',
  'auto_start' => true,
)
[ info ] [ RUN ] Method [ <user> public method index ] {
  @@ D:\wamp64\www\Tutor-distribution\tutorAssign\app\index\controller\Teacher.php 21 - 24
}

[ info ] [ VIEW ] D:\wamp64\www\Tutor-distribution\tutorAssign\public/../app/index\view\teacher\index.html [ array (
  0 => 'user',
  1 => 'menus',
) ]
[ info ] [ LOG ] INIT File

---------------------------------------------------------------
