[ 2016-10-29T00:11:45+08:00 ] ::1 ::1 GET /baoke2.0/public/index/base_controller/logout.html
[ log ] localhost/baoke2.0/public/index/base_controller/logout.html [运行时间：0.096005s][吞吐率：10.42req/s] [内存消耗：2,382.30kb] [文件加载：36]
[ info ] [ LANG ] C:\wamp64\www\baoke2.0\thinkphp\lang\zh-cn.php
[ info ] [ ROUTE ] array (
  'type' => 'module',
  'module' => 
  array (
    0 => 'base_controller',
    1 => 'logout',
    2 => NULL,
  ),
)
[ info ] [ HEADER ] array (
  'host' => 'localhost',
  'connection' => 'keep-alive',
  'upgrade-insecure-requests' => '1',
  'user-agent' => 'Mozilla/5.0 (Windows NT 6.1; WOW64) AppleWebKit/537.36 (KHTML, like Gecko) Chrome/53.0.2785.143 Safari/537.36',
  'accept' => 'text/html,application/xhtml+xml,application/xml;q=0.9,image/webp,*/*;q=0.8',
  'referer' => 'http://localhost/baoke2.0/public/index/teacher/table_overview.html',
  'accept-encoding' => 'gzip, deflate, sdch',
  'accept-language' => 'zh-CN,zh;q=0.8,en;q=0.6',
  'cookie' => 'thinkphp_show_page_trace=0|0; PHPSESSID=3n5f5ugstb9l5ckb9edgo2unu1',
)
[ info ] [ PARAM ] array (
)
[ info ] [ RUN ] Class [ <user> class app\index\controller\BaseController extends think\Controller ] {
  @@ C:\wamp64\www\baoke2.0\app\index\controller\BaseController.php 9-121

  - Constants [0] {
  }

  - Static properties [0] {
  }

  - Static methods [0] {
  }

  - Properties [5] {
    Property [ <default> protected $view ]
    Property [ <default> protected $request ]
    Property [ <default> protected $failException ]
    Property [ <default> protected $batchValidate ]
    Property [ <default> protected $beforeActionList ]
  }

  - Methods [23] {
    Method [ <user> public method auto_login ] {
      @@ C:\wamp64\www\baoke2.0\app\index\controller\BaseController.php 14 - 19

      - Parameters [1] {
        Parameter #0 [ <optional> $type = NULL ]
      }
    }

    Method [ <user> public method login ] {
      @@ C:\wamp64\www\baoke2.0\app\index\controller\BaseController.php 21 - 57
    }

    Method [ <user> public method hasLogin ] {
      @@ C:\wamp64\www\baoke2.0\app\index\controller\BaseController.php 59 - 64

      - Parameters [1] {
        Parameter #0 [ <optional> $type = NULL ]
      }
    }

    Method [ <user> public method logout ] {
      @@ C:\wamp64\www\baoke2.0\app\index\controller\BaseController.php 66 - 73
    }

    Method [ <user> public method refresh_user ] {
      @@ C:\wamp64\www\baoke2.0\app\index\controller\BaseController.php 75 - 81
    }

    Method [ <user> public method make_menu ] {
      @@ C:\wamp64\www\baoke2.0\app\index\controller\BaseController.php 83 - 95

      - Parameters [1] {
        Parameter #0 [ <required> $menus ]
      }
    }

    Method [ <user> public method translate ] {
      @@ C:\wamp64\www\baoke2.0\app\index\controller\BaseController.php 97 - 112

      - Parameters [1] {
        Parameter #0 [ <required> $name ]
      }
    }

    Method [ <user> public method successJson ] {
      @@ C:\wamp64\www\baoke2.0\app\index\controller\BaseController.php 114 - 116

      - Parameters [1] {
        Parameter #0 [ <optional> $data = '' ]
      }
    }

    Method [ <user> public method errorJson ] {
      @@ C:\wamp64\www\baoke2.0\app\index\controller\BaseController.php 118 - 120

      - Parameters [1] {
        Parameter #0 [ <optional> $data = '' ]
      }
    }

    /**
     * 架构函数
     * @param Request $request Request对象
     * @access public
     */
    Method [ <user, inherits think\Controller, ctor> public method __construct ] {
      @@ C:\wamp64\www\baoke2.0\thinkphp\library\think\Controller.php 44 - 63

      - Parameters [1] {
        Parameter #0 [ <optional> think\Request or NULL $request = NULL ]
      }
    }

    Method [ <user, inherits think\Controller> protected method _initialize ] {
      @@ C:\wamp64\www\baoke2.0\thinkphp\library\think\Controller.php 66 - 68
    }

    /**
     * 前置操作
     * @access protected
     * @param string $method  前置操作方法名
     * @param array  $options 调用参数 ['only'=>[...]] 或者['except'=>[...]]
     */
    Method [ <user, inherits think\Controller> protected method beforeAction ] {
      @@ C:\wamp64\www\baoke2.0\thinkphp\library\think\Controller.php 76 - 95

      - Parameters [2] {
        Parameter #0 [ <required> $method ]
        Parameter #1 [ <optional> $options = Array ]
      }
    }

    /**
     * 加载模板输出
     * @access protected
     * @param string $template 模板文件名
     * @param array  $vars     模板输出变量
     * @param array  $replace  模板替换
     * @param array  $config   模板参数
     * @return mixed
     */
    Method [ <user, inherits think\Controller> protected method fetch ] {
      @@ C:\wamp64\www\baoke2.0\thinkphp\library\think\Controller.php 106 - 109

      - Parameters [4] {
        Parameter #0 [ <optional> $template = '' ]
        Parameter #1 [ <optional> $vars = Array ]
        Parameter #2 [ <optional> $replace = Array ]
        Parameter #3 [ <optional> $config = Array ]
      }
    }

    /**
     * 渲染内容输出
     * @access protected
     * @param string $content 模板内容
     * @param array  $vars    模板输出变量
     * @param array  $replace 替换内容
     * @param array  $config  模板参数
     * @return mixed
     */
    Method [ <user, inherits think\Controller> protected method display ] {
      @@ C:\wamp64\www\baoke2.0\thinkphp\library\think\Controller.php 120 - 123

      - Parameters [4] {
        Parameter #0 [ <optional> $content = '' ]
        Parameter #1 [ <optional> $vars = Array ]
        Parameter #2 [ <optional> $replace = Array ]
        Parameter #3 [ <optional> $config = Array ]
      }
    }

    /**
     * 模板变量赋值
     * @access protected
     * @param mixed $name  要显示的模板变量
     * @param mixed $value 变量的值
     * @return void
     */
    Method [ <user, inherits think\Controller> protected method assign ] {
      @@ C:\wamp64\www\baoke2.0\thinkphp\library\think\Controller.php 132 - 135

      - Parameters [2] {
        Parameter #0 [ <required> $name ]
        Parameter #1 [ <optional> $value = '' ]
      }
    }

    /**
     * 初始化模板引擎
     * @access protected
     * @param array|string $engine 引擎参数
     * @return void
     */
    Method [ <user, inherits think\Controller> protected method engine ] {
      @@ C:\wamp64\www\baoke2.0\thinkphp\library\think\Controller.php 143 - 146

      - Parameters [1] {
        Parameter #0 [ <required> $engine ]
      }
    }

    /**
     * 设置验证失败后是否抛出异常
     * @access protected
     * @param bool $fail 是否抛出异常
     * @return $this
     */
    Method [ <user, inherits think\Controller> protected method validateFailException ] {
      @@ C:\wamp64\www\baoke2.0\thinkphp\library\think\Controller.php 154 - 158

      - Parameters [1] {
        Parameter #0 [ <optional> $fail = true ]
      }
    }

    /**
     * 验证数据
     * @access protected
     * @param array        $data     数据
     * @param string|array $validate 验证器名或者验证规则数组
     * @param array        $message  提示信息
     * @param bool         $batch    是否批量验证
     * @param mixed        $callback 回调方法（闭包）
     * @return array|string|true
     * @throws ValidateException
     */
    Method [ <user, inherits think\Controller> protected method validate ] {
      @@ C:\wamp64\www\baoke2.0\thinkphp\library\think\Controller.php 171 - 208

      - Parameters [5] {
        Parameter #0 [ <required> $data ]
        Parameter #1 [ <required> $validate ]
        Parameter #2 [ <optional> $message = Array ]
        Parameter #3 [ <optional> $batch = false ]
        Parameter #4 [ <optional> $callback = NULL ]
      }
    }

    /**
     * 操作成功跳转的快捷方法
     * @access protected
     * @param mixed     $msg 提示信息
     * @param string    $url 跳转的URL地址
     * @param mixed     $data 返回的数据
     * @param integer   $wait 跳转等待时间
     * @param array     $header 发送的Header信息
     * @return void
     */
    Method [ <user, inherits think\Controller> protected method success ] {
      @@ C:\wamp64\www\baoke2.0\thinkphp\library\traits\controller\Jump.php 37 - 64

      - Parameters [5] {
        Parameter #0 [ <optional> $msg = '' ]
        Parameter #1 [ <optional> $url = NULL ]
        Parameter #2 [ <optional> $data = '' ]
        Parameter #3 [ <optional> $wait = 3 ]
        Parameter #4 [ <optional> array $header = Array ]
      }
    }

    /**
     * 操作错误跳转的快捷方法
     * @access protected
     * @param mixed     $msg 提示信息
     * @param string    $url 跳转的URL地址
     * @param mixed     $data 返回的数据
     * @param integer   $wait 跳转等待时间
     * @param array     $header 发送的Header信息
     * @return void
     */
    Method [ <user, inherits think\Controller> protected method error ] {
      @@ C:\wamp64\www\baoke2.0\thinkphp\library\traits\controller\Jump.php 76 - 103

      - Parameters [5] {
        Parameter #0 [ <optional> $msg = '' ]
        Parameter #1 [ <optional> $url = NULL ]
        Parameter #2 [ <optional> $data = '' ]
        Parameter #3 [ <optional> $wait = 3 ]
        Parameter #4 [ <optional> array $header = Array ]
      }
    }

    /**
     * 返回封装后的API数据到客户端
     * @access protected
     * @param mixed     $data 要返回的数据
     * @param integer   $code 返回的code
     * @param mixed     $msg 提示信息
     * @param string    $type 返回数据格式
     * @param array     $header 发送的Header信息
     * @return void
     */
    Method [ <user, inherits think\Controller> protected method result ] {
      @@ C:\wamp64\www\baoke2.0\thinkphp\library\traits\controller\Jump.php 115 - 126

      - Parameters [5] {
        Parameter #0 [ <required> $data ]
        Parameter #1 [ <optional> $code = 0 ]
        Parameter #2 [ <optional> $msg = '' ]
        Parameter #3 [ <optional> $type = '' ]
        Parameter #4 [ <optional> array $header = Array ]
      }
    }

    /**
     * URL重定向
     * @access protected
     * @param string         $url 跳转的URL表达式
     * @param array|integer  $params 其它URL参数
     * @param integer        $code http code
     * @return void
     */
    Method [ <user, inherits think\Controller> protected method redirect ] {
      @@ C:\wamp64\www\baoke2.0\thinkphp\library\traits\controller\Jump.php 136 - 145

      - Parameters [3] {
        Parameter #0 [ <required> $url ]
        Parameter #1 [ <optional> $params = Array ]
        Parameter #2 [ <optional> $code = 302 ]
      }
    }

    /**
     * 获取当前的response 输出类型
     * @access protected
     * @return string
     */
    Method [ <user, inherits think\Controller> protected method getResponseType ] {
      @@ C:\wamp64\www\baoke2.0\thinkphp\library\traits\controller\Jump.php 152 - 156
    }
  }
}

[ info ] [ RUN ] Method [ <user> public method logout ] {
  @@ C:\wamp64\www\baoke2.0\app\index\controller\BaseController.php 66 - 73
}

[ info ] [ SESSION ] INIT array (
  'id' => '',
  'var_session_id' => '',
  'prefix' => 'think',
  'type' => '',
  'auto_start' => true,
)
[ info ] [ LOG ] INIT File

---------------------------------------------------------------
[ 2016-10-29T00:11:45+08:00 ] ::1 ::1 GET /baoke2.0/public/index/base_controller/login.html
[ log ] localhost/baoke2.0/public/index/base_controller/login.html [运行时间：0.072004s][吞吐率：13.89req/s] [内存消耗：3,380.80kb] [文件加载：42]
[ info ] [ LANG ] C:\wamp64\www\baoke2.0\thinkphp\lang\zh-cn.php
[ info ] [ ROUTE ] array (
  'type' => 'module',
  'module' => 
  array (
    0 => 'base_controller',
    1 => 'login',
    2 => NULL,
  ),
)
[ info ] [ HEADER ] array (
  'host' => 'localhost',
  'connection' => 'keep-alive',
  'upgrade-insecure-requests' => '1',
  'user-agent' => 'Mozilla/5.0 (Windows NT 6.1; WOW64) AppleWebKit/537.36 (KHTML, like Gecko) Chrome/53.0.2785.143 Safari/537.36',
  'accept' => 'text/html,application/xhtml+xml,application/xml;q=0.9,image/webp,*/*;q=0.8',
  'referer' => 'http://localhost/baoke2.0/public/index/teacher/table_overview.html',
  'accept-encoding' => 'gzip, deflate, sdch',
  'accept-language' => 'zh-CN,zh;q=0.8,en;q=0.6',
  'cookie' => 'thinkphp_show_page_trace=0|0; PHPSESSID=3n5f5ugstb9l5ckb9edgo2unu1',
)
[ info ] [ PARAM ] array (
)
[ info ] [ RUN ] Class [ <user> class app\index\controller\BaseController extends think\Controller ] {
  @@ C:\wamp64\www\baoke2.0\app\index\controller\BaseController.php 9-121

  - Constants [0] {
  }

  - Static properties [0] {
  }

  - Static methods [0] {
  }

  - Properties [5] {
    Property [ <default> protected $view ]
    Property [ <default> protected $request ]
    Property [ <default> protected $failException ]
    Property [ <default> protected $batchValidate ]
    Property [ <default> protected $beforeActionList ]
  }

  - Methods [23] {
    Method [ <user> public method auto_login ] {
      @@ C:\wamp64\www\baoke2.0\app\index\controller\BaseController.php 14 - 19

      - Parameters [1] {
        Parameter #0 [ <optional> $type = NULL ]
      }
    }

    Method [ <user> public method login ] {
      @@ C:\wamp64\www\baoke2.0\app\index\controller\BaseController.php 21 - 57
    }

    Method [ <user> public method hasLogin ] {
      @@ C:\wamp64\www\baoke2.0\app\index\controller\BaseController.php 59 - 64

      - Parameters [1] {
        Parameter #0 [ <optional> $type = NULL ]
      }
    }

    Method [ <user> public method logout ] {
      @@ C:\wamp64\www\baoke2.0\app\index\controller\BaseController.php 66 - 73
    }

    Method [ <user> public method refresh_user ] {
      @@ C:\wamp64\www\baoke2.0\app\index\controller\BaseController.php 75 - 81
    }

    Method [ <user> public method make_menu ] {
      @@ C:\wamp64\www\baoke2.0\app\index\controller\BaseController.php 83 - 95

      - Parameters [1] {
        Parameter #0 [ <required> $menus ]
      }
    }

    Method [ <user> public method translate ] {
      @@ C:\wamp64\www\baoke2.0\app\index\controller\BaseController.php 97 - 112

      - Parameters [1] {
        Parameter #0 [ <required> $name ]
      }
    }

    Method [ <user> public method successJson ] {
      @@ C:\wamp64\www\baoke2.0\app\index\controller\BaseController.php 114 - 116

      - Parameters [1] {
        Parameter #0 [ <optional> $data = '' ]
      }
    }

    Method [ <user> public method errorJson ] {
      @@ C:\wamp64\www\baoke2.0\app\index\controller\BaseController.php 118 - 120

      - Parameters [1] {
        Parameter #0 [ <optional> $data = '' ]
      }
    }

    /**
     * 架构函数
     * @param Request $request Request对象
     * @access public
     */
    Method [ <user, inherits think\Controller, ctor> public method __construct ] {
      @@ C:\wamp64\www\baoke2.0\thinkphp\library\think\Controller.php 44 - 63

      - Parameters [1] {
        Parameter #0 [ <optional> think\Request or NULL $request = NULL ]
      }
    }

    Method [ <user, inherits think\Controller> protected method _initialize ] {
      @@ C:\wamp64\www\baoke2.0\thinkphp\library\think\Controller.php 66 - 68
    }

    /**
     * 前置操作
     * @access protected
     * @param string $method  前置操作方法名
     * @param array  $options 调用参数 ['only'=>[...]] 或者['except'=>[...]]
     */
    Method [ <user, inherits think\Controller> protected method beforeAction ] {
      @@ C:\wamp64\www\baoke2.0\thinkphp\library\think\Controller.php 76 - 95

      - Parameters [2] {
        Parameter #0 [ <required> $method ]
        Parameter #1 [ <optional> $options = Array ]
      }
    }

    /**
     * 加载模板输出
     * @access protected
     * @param string $template 模板文件名
     * @param array  $vars     模板输出变量
     * @param array  $replace  模板替换
     * @param array  $config   模板参数
     * @return mixed
     */
    Method [ <user, inherits think\Controller> protected method fetch ] {
      @@ C:\wamp64\www\baoke2.0\thinkphp\library\think\Controller.php 106 - 109

      - Parameters [4] {
        Parameter #0 [ <optional> $template = '' ]
        Parameter #1 [ <optional> $vars = Array ]
        Parameter #2 [ <optional> $replace = Array ]
        Parameter #3 [ <optional> $config = Array ]
      }
    }

    /**
     * 渲染内容输出
     * @access protected
     * @param string $content 模板内容
     * @param array  $vars    模板输出变量
     * @param array  $replace 替换内容
     * @param array  $config  模板参数
     * @return mixed
     */
    Method [ <user, inherits think\Controller> protected method display ] {
      @@ C:\wamp64\www\baoke2.0\thinkphp\library\think\Controller.php 120 - 123

      - Parameters [4] {
        Parameter #0 [ <optional> $content = '' ]
        Parameter #1 [ <optional> $vars = Array ]
        Parameter #2 [ <optional> $replace = Array ]
        Parameter #3 [ <optional> $config = Array ]
      }
    }

    /**
     * 模板变量赋值
     * @access protected
     * @param mixed $name  要显示的模板变量
     * @param mixed $value 变量的值
     * @return void
     */
    Method [ <user, inherits think\Controller> protected method assign ] {
      @@ C:\wamp64\www\baoke2.0\thinkphp\library\think\Controller.php 132 - 135

      - Parameters [2] {
        Parameter #0 [ <required> $name ]
        Parameter #1 [ <optional> $value = '' ]
      }
    }

    /**
     * 初始化模板引擎
     * @access protected
     * @param array|string $engine 引擎参数
     * @return void
     */
    Method [ <user, inherits think\Controller> protected method engine ] {
      @@ C:\wamp64\www\baoke2.0\thinkphp\library\think\Controller.php 143 - 146

      - Parameters [1] {
        Parameter #0 [ <required> $engine ]
      }
    }

    /**
     * 设置验证失败后是否抛出异常
     * @access protected
     * @param bool $fail 是否抛出异常
     * @return $this
     */
    Method [ <user, inherits think\Controller> protected method validateFailException ] {
      @@ C:\wamp64\www\baoke2.0\thinkphp\library\think\Controller.php 154 - 158

      - Parameters [1] {
        Parameter #0 [ <optional> $fail = true ]
      }
    }

    /**
     * 验证数据
     * @access protected
     * @param array        $data     数据
     * @param string|array $validate 验证器名或者验证规则数组
     * @param array        $message  提示信息
     * @param bool         $batch    是否批量验证
     * @param mixed        $callback 回调方法（闭包）
     * @return array|string|true
     * @throws ValidateException
     */
    Method [ <user, inherits think\Controller> protected method validate ] {
      @@ C:\wamp64\www\baoke2.0\thinkphp\library\think\Controller.php 171 - 208

      - Parameters [5] {
        Parameter #0 [ <required> $data ]
        Parameter #1 [ <required> $validate ]
        Parameter #2 [ <optional> $message = Array ]
        Parameter #3 [ <optional> $batch = false ]
        Parameter #4 [ <optional> $callback = NULL ]
      }
    }

    /**
     * 操作成功跳转的快捷方法
     * @access protected
     * @param mixed     $msg 提示信息
     * @param string    $url 跳转的URL地址
     * @param mixed     $data 返回的数据
     * @param integer   $wait 跳转等待时间
     * @param array     $header 发送的Header信息
     * @return void
     */
    Method [ <user, inherits think\Controller> protected method success ] {
      @@ C:\wamp64\www\baoke2.0\thinkphp\library\traits\controller\Jump.php 37 - 64

      - Parameters [5] {
        Parameter #0 [ <optional> $msg = '' ]
        Parameter #1 [ <optional> $url = NULL ]
        Parameter #2 [ <optional> $data = '' ]
        Parameter #3 [ <optional> $wait = 3 ]
        Parameter #4 [ <optional> array $header = Array ]
      }
    }

    /**
     * 操作错误跳转的快捷方法
     * @access protected
     * @param mixed     $msg 提示信息
     * @param string    $url 跳转的URL地址
     * @param mixed     $data 返回的数据
     * @param integer   $wait 跳转等待时间
     * @param array     $header 发送的Header信息
     * @return void
     */
    Method [ <user, inherits think\Controller> protected method error ] {
      @@ C:\wamp64\www\baoke2.0\thinkphp\library\traits\controller\Jump.php 76 - 103

      - Parameters [5] {
        Parameter #0 [ <optional> $msg = '' ]
        Parameter #1 [ <optional> $url = NULL ]
        Parameter #2 [ <optional> $data = '' ]
        Parameter #3 [ <optional> $wait = 3 ]
        Parameter #4 [ <optional> array $header = Array ]
      }
    }

    /**
     * 返回封装后的API数据到客户端
     * @access protected
     * @param mixed     $data 要返回的数据
     * @param integer   $code 返回的code
     * @param mixed     $msg 提示信息
     * @param string    $type 返回数据格式
     * @param array     $header 发送的Header信息
     * @return void
     */
    Method [ <user, inherits think\Controller> protected method result ] {
      @@ C:\wamp64\www\baoke2.0\thinkphp\library\traits\controller\Jump.php 115 - 126

      - Parameters [5] {
        Parameter #0 [ <required> $data ]
        Parameter #1 [ <optional> $code = 0 ]
        Parameter #2 [ <optional> $msg = '' ]
        Parameter #3 [ <optional> $type = '' ]
        Parameter #4 [ <optional> array $header = Array ]
      }
    }

    /**
     * URL重定向
     * @access protected
     * @param string         $url 跳转的URL表达式
     * @param array|integer  $params 其它URL参数
     * @param integer        $code http code
     * @return void
     */
    Method [ <user, inherits think\Controller> protected method redirect ] {
      @@ C:\wamp64\www\baoke2.0\thinkphp\library\traits\controller\Jump.php 136 - 145

      - Parameters [3] {
        Parameter #0 [ <required> $url ]
        Parameter #1 [ <optional> $params = Array ]
        Parameter #2 [ <optional> $code = 302 ]
      }
    }

    /**
     * 获取当前的response 输出类型
     * @access protected
     * @return string
     */
    Method [ <user, inherits think\Controller> protected method getResponseType ] {
      @@ C:\wamp64\www\baoke2.0\thinkphp\library\traits\controller\Jump.php 152 - 156
    }
  }
}

[ info ] [ RUN ] Method [ <user> public method login ] {
  @@ C:\wamp64\www\baoke2.0\app\index\controller\BaseController.php 21 - 57
}

[ info ] [ DB ] INIT mysql
[ info ] [ VIEW ] C:\wamp64\www\baoke2.0\public/../app/index\view\common\login.html [ array (
) ]
[ info ] [ LOG ] INIT File
[ sql ] [ DB ] CONNECT:[ UseTime:0.001000s ] mysql:dbname=teacher_class_system;host=127.0.0.1;charset=utf8
[ sql ] [ SQL ] SHOW COLUMNS FROM `task_info` [ RunTime:0.002000s ]
[ sql ] [ SQL ] UPDATE `task_info`  SET `taskState`=1  WHERE  `teacherDeadline` < '20161029'  AND `taskState` = 0      [ RunTime:0.001000s ]
[ sql ] [ SQL ] UPDATE `task_info`  SET `taskState`=2  WHERE  `departmentDeadline` < '20161029'  AND `taskState` = 1      [ RunTime:0.012000s ]

---------------------------------------------------------------
